{"contracts\\NFTMarketplace.sol":{"l":{"59":15,"60":15,"61":1,"63":14,"67":12,"68":12,"69":4,"71":8,"79":20,"80":20,"81":20,"82":3,"84":17,"104":13,"105":1,"114":12,"115":12,"116":0,"120":12,"121":12,"136":4,"137":4,"138":1,"148":3,"150":3,"153":3,"159":3,"176":1,"177":1,"196":2,"197":1,"199":1,"200":1,"204":2,"205":2,"206":1,"208":1,"209":1,"210":1,"211":0,"220":2,"224":2},"path":"C:\\Users\\herej\\OneDrive\\Desktop\\Web3\\hardhat-nft-marketplace\\contracts\\NFTMarketplace.sol","s":{"1":15,"2":15,"3":12,"4":12,"5":20,"6":20,"7":20,"8":13,"9":12,"10":12,"11":12,"12":12,"13":4,"14":4,"15":3,"16":3,"17":3,"18":1,"19":2,"20":1,"21":1,"22":2,"23":2,"24":1,"25":1,"26":1,"27":2,"28":2},"b":{"1":[1,14],"2":[4,8],"3":[3,17],"4":[1,12],"5":[0,12],"6":[1,3],"7":[1,1],"8":[1,1],"9":[0,1]},"f":{"1":15,"2":12,"3":20,"4":13,"5":4,"6":1,"7":2,"8":2,"9":2,"10":2},"fnMap":{"1":{"name":"notListed","line":54,"loc":{"start":{"line":54,"column":2},"end":{"line":64,"column":2}}},"2":{"name":"isListed","line":66,"loc":{"start":{"line":66,"column":2},"end":{"line":72,"column":2}}},"3":{"name":"isOwner","line":74,"loc":{"start":{"line":74,"column":2},"end":{"line":85,"column":2}}},"4":{"name":"listItem","line":102,"loc":{"start":{"line":95,"column":2},"end":{"line":122,"column":2}}},"5":{"name":"buyItem","line":135,"loc":{"start":{"line":132,"column":2},"end":{"line":160,"column":2}}},"6":{"name":"cancelListing","line":174,"loc":{"start":{"line":168,"column":2},"end":{"line":178,"column":2}}},"7":{"name":"updateListing","line":194,"loc":{"start":{"line":187,"column":2},"end":{"line":201,"column":2}}},"8":{"name":"withdrawProceeds","line":203,"loc":{"start":{"line":203,"column":2},"end":{"line":213,"column":2}}},"9":{"name":"getListing","line":216,"loc":{"start":{"line":216,"column":2},"end":{"line":221,"column":2}}},"10":{"name":"getProceeds","line":223,"loc":{"start":{"line":223,"column":2},"end":{"line":225,"column":2}}}},"statementMap":{"1":{"start":{"line":59,"column":4},"end":{"line":59,"column":60}},"2":{"start":{"line":60,"column":4},"end":{"line":60,"column":1638}},"3":{"start":{"line":67,"column":4},"end":{"line":67,"column":60}},"4":{"start":{"line":68,"column":4},"end":{"line":68,"column":1879}},"5":{"start":{"line":79,"column":4},"end":{"line":79,"column":37}},"6":{"start":{"line":80,"column":4},"end":{"line":80,"column":40}},"7":{"start":{"line":81,"column":4},"end":{"line":81,"column":2173}},"8":{"start":{"line":104,"column":4},"end":{"line":104,"column":2962}},"9":{"start":{"line":114,"column":4},"end":{"line":114,"column":37}},"10":{"start":{"line":115,"column":4},"end":{"line":115,"column":3426}},"11":{"start":{"line":120,"column":4},"end":{"line":120,"column":63}},"12":{"start":{"line":121,"column":4},"end":{"line":121,"column":59}},"13":{"start":{"line":136,"column":4},"end":{"line":136,"column":63}},"14":{"start":{"line":137,"column":4},"end":{"line":137,"column":4433}},"15":{"start":{"line":148,"column":4},"end":{"line":148,"column":76}},"16":{"start":{"line":153,"column":4},"end":{"line":153,"column":5537}},"17":{"start":{"line":159,"column":4},"end":{"line":159,"column":70}},"18":{"start":{"line":177,"column":4},"end":{"line":177,"column":55}},"19":{"start":{"line":196,"column":4},"end":{"line":196,"column":6940}},"20":{"start":{"line":199,"column":4},"end":{"line":199,"column":51}},"21":{"start":{"line":200,"column":4},"end":{"line":200,"column":62}},"22":{"start":{"line":204,"column":4},"end":{"line":204,"column":45}},"23":{"start":{"line":205,"column":4},"end":{"line":205,"column":7257}},"24":{"start":{"line":208,"column":4},"end":{"line":208,"column":29}},"25":{"start":{"line":209,"column":4},"end":{"line":209,"column":68}},"26":{"start":{"line":210,"column":4},"end":{"line":210,"column":7448}},"27":{"start":{"line":220,"column":4},"end":{"line":220,"column":42}},"28":{"start":{"line":224,"column":4},"end":{"line":224,"column":29}}},"branchMap":{"1":{"line":60,"type":"if","locations":[{"start":{"line":60,"column":4},"end":{"line":60,"column":4}},{"start":{"line":60,"column":4},"end":{"line":60,"column":4}}]},"2":{"line":68,"type":"if","locations":[{"start":{"line":68,"column":4},"end":{"line":68,"column":4}},{"start":{"line":68,"column":4},"end":{"line":68,"column":4}}]},"3":{"line":81,"type":"if","locations":[{"start":{"line":81,"column":4},"end":{"line":81,"column":4}},{"start":{"line":81,"column":4},"end":{"line":81,"column":4}}]},"4":{"line":104,"type":"if","locations":[{"start":{"line":104,"column":4},"end":{"line":104,"column":4}},{"start":{"line":104,"column":4},"end":{"line":104,"column":4}}]},"5":{"line":115,"type":"if","locations":[{"start":{"line":115,"column":4},"end":{"line":115,"column":4}},{"start":{"line":115,"column":4},"end":{"line":115,"column":4}}]},"6":{"line":137,"type":"if","locations":[{"start":{"line":137,"column":4},"end":{"line":137,"column":4}},{"start":{"line":137,"column":4},"end":{"line":137,"column":4}}]},"7":{"line":196,"type":"if","locations":[{"start":{"line":196,"column":4},"end":{"line":196,"column":4}},{"start":{"line":196,"column":4},"end":{"line":196,"column":4}}]},"8":{"line":205,"type":"if","locations":[{"start":{"line":205,"column":4},"end":{"line":205,"column":4}},{"start":{"line":205,"column":4},"end":{"line":205,"column":4}}]},"9":{"line":210,"type":"if","locations":[{"start":{"line":210,"column":4},"end":{"line":210,"column":4}},{"start":{"line":210,"column":4},"end":{"line":210,"column":4}}]}}},"contracts\\test\\BasicNFT.sol":{"l":{"14":3,"18":18,"19":18,"20":18,"26":0,"30":0,"34":0},"path":"C:\\Users\\herej\\OneDrive\\Desktop\\Web3\\hardhat-nft-marketplace\\contracts\\test\\BasicNFT.sol","s":{"1":3,"2":18,"3":18,"4":18,"5":0,"6":0,"7":0},"b":{"1":[0,0]},"f":{"1":3,"2":18,"3":0,"4":0},"fnMap":{"1":{"name":"constructor","line":13,"loc":{"start":{"line":13,"column":2},"end":{"line":15,"column":2}}},"2":{"name":"mintNft","line":17,"loc":{"start":{"line":17,"column":2},"end":{"line":21,"column":2}}},"3":{"name":"tokenURI","line":23,"loc":{"start":{"line":23,"column":2},"end":{"line":31,"column":2}}},"4":{"name":"getTokenCounter","line":33,"loc":{"start":{"line":33,"column":2},"end":{"line":35,"column":2}}}},"statementMap":{"1":{"start":{"line":14,"column":4},"end":{"line":14,"column":21}},"2":{"start":{"line":18,"column":4},"end":{"line":18,"column":40}},"3":{"start":{"line":19,"column":4},"end":{"line":19,"column":34}},"4":{"start":{"line":20,"column":4},"end":{"line":20,"column":38}},"5":{"start":{"line":26,"column":4},"end":{"line":26,"column":709}},"6":{"start":{"line":30,"column":4},"end":{"line":30,"column":20}},"7":{"start":{"line":34,"column":4},"end":{"line":34,"column":25}}},"branchMap":{"1":{"line":26,"type":"if","locations":[{"start":{"line":26,"column":4},"end":{"line":26,"column":4}},{"start":{"line":26,"column":4},"end":{"line":26,"column":4}}]}}}}