TN:
SF:C:\Users\herej\OneDrive\Desktop\Web3\hardhat-nft-marketplace\contracts\NFTMarketplace.sol
FN:54,notListed
FN:66,isListed
FN:74,isOwner
FN:102,listItem
FN:135,buyItem
FN:174,cancelListing
FN:194,updateListing
FN:203,withdrawProceeds
FN:216,getListing
FN:223,getProceeds
FNF:10
FNH:10
FNDA:15,notListed
FNDA:12,isListed
FNDA:20,isOwner
FNDA:13,listItem
FNDA:4,buyItem
FNDA:1,cancelListing
FNDA:2,updateListing
FNDA:2,withdrawProceeds
FNDA:2,getListing
FNDA:2,getProceeds
DA:59,15
DA:60,15
DA:61,1
DA:63,14
DA:67,12
DA:68,12
DA:69,4
DA:71,8
DA:79,20
DA:80,20
DA:81,20
DA:82,3
DA:84,17
DA:104,13
DA:105,1
DA:114,12
DA:115,12
DA:116,0
DA:120,12
DA:121,12
DA:136,4
DA:137,4
DA:138,1
DA:148,3
DA:150,3
DA:153,3
DA:159,3
DA:176,1
DA:177,1
DA:196,2
DA:197,1
DA:199,1
DA:200,1
DA:204,2
DA:205,2
DA:206,1
DA:208,1
DA:209,1
DA:210,1
DA:211,0
DA:220,2
DA:224,2
LF:42
LH:40
BRDA:60,1,0,1
BRDA:60,1,1,14
BRDA:68,2,0,4
BRDA:68,2,1,8
BRDA:81,3,0,3
BRDA:81,3,1,17
BRDA:104,4,0,1
BRDA:104,4,1,12
BRDA:115,5,0,0
BRDA:115,5,1,12
BRDA:137,6,0,1
BRDA:137,6,1,3
BRDA:196,7,0,1
BRDA:196,7,1,1
BRDA:205,8,0,1
BRDA:205,8,1,1
BRDA:210,9,0,0
BRDA:210,9,1,1
BRF:18
BRH:16
end_of_record
TN:
SF:C:\Users\herej\OneDrive\Desktop\Web3\hardhat-nft-marketplace\contracts\test\BasicNFT.sol
FN:13,constructor
FN:17,mintNft
FN:23,tokenURI
FN:33,getTokenCounter
FNF:4
FNH:2
FNDA:3,constructor
FNDA:18,mintNft
FNDA:0,tokenURI
FNDA:0,getTokenCounter
DA:14,3
DA:18,18
DA:19,18
DA:20,18
DA:26,0
DA:30,0
DA:34,0
LF:7
LH:4
BRDA:26,1,0,0
BRDA:26,1,1,0
BRF:2
BRH:0
end_of_record
